#
# A fatal error has been detected by the Java Runtime Environment:
#
#  EXCEPTION_ACCESS_VIOLATION (0xc0000005) at pc=0x000000005fa310a0, pid=1132, tid=5652
#
# JRE version: Java(TM) SE Runtime Environment (8.0_91-b15) (build 1.8.0_91-b15)
# Java VM: Java HotSpot(TM) 64-Bit Server VM (25.91-b15 mixed mode windows-amd64 compressed oops)
# Problematic frame:
# C  [nvoglv64.DLL+0x10310a0]
#
# Failed to write core dump. Minidumps are not enabled by default on client versions of Windows
#
# If you would like to submit a bug report, please visit:
#   http://bugreport.java.com/bugreport/crash.jsp
# The crash happened outside the Java Virtual Machine in native code.
# See problematic frame for where to report the bug.
#

---------------  T H R E A D  ---------------

Current thread (0x0000000002ba0800):  JavaThread "main" [_thread_in_native, id=5652, stack(0x0000000002a60000,0x0000000002b60000)]

siginfo: ExceptionCode=0xc0000005, reading address 0x0000000000000000

Registers:
RAX=0x0000000000000180, RBX=0x0000000018d39aa8, RCX=0x000000001b746bdc, RDX=0xffffffffe48b9424
RSP=0x0000000002b5f128, RBP=0x0000000000000007, RSI=0x0000000000000018, RDI=0x000000001b746bdc
R8 =0x0000000000000180, R9 =0x0000000000000018, R10=0x0000000000000000, R11=0x000000001b746bdc
R12=0x0000000000000000, R13=0x000000005ea00000, R14=0x0000000000000000, R15=0x0000000018d39828
RIP=0x000000005fa310a0, EFLAGS=0x0000000000010206

Top of Stack: (sp=0x0000000002b5f128)
0x0000000002b5f128:   000000005f5802fa 0000000000000000
0x0000000002b5f138:   0000000000000002 00000000c23da580
0x0000000002b5f148:   000000005f41872b 0000000000001405
0x0000000002b5f158:   0000000000000000 0000000000296006
0x0000000002b5f168:   0000000000000024 0000000000000000
0x0000000002b5f178:   000000005f58175e 00000000176f3440
0x0000000002b5f188:   0000000000000023 0000000018d39080
0x0000000002b5f198:   000000003f13cd38 0000000000000000
0x0000000002b5f1a8:   0000000061142170 0000000000000040
0x0000000002b5f1b8:   00007ff9b0fecd3c 0000000002ba0800
0x0000000002b5f1c8:   00000000000004bc 0000000018d39828
0x0000000002b5f1d8:   0000000000000000 0000000000001405
0x0000000002b5f1e8:   0000000002ba0800 00000000176f3440
0x0000000002b5f1f8:   0000000000000004 0000000018d39080
0x0000000002b5f208:   0000000002b5f320 0000000000000000
0x0000000002b5f218:   000000005f240a46 0000000800000018 

Instructions: (pc=0x000000005fa310a0)
0x000000005fa31080:   4c 8b 02 8b 4a 08 44 0f b7 4a 0c 44 0f b6 52 0e
0x000000005fa31090:   4c 89 00 89 48 08 66 44 89 48 0c 44 88 50 0e c3
0x000000005fa310a0:   0f 10 04 0a 4c 03 c1 48 83 c1 10 41 f6 c3 0f 74
0x000000005fa310b0:   13 0f 28 c8 48 83 e1 f0 0f 10 04 0a 48 83 c1 10 


Register to memory mapping:

RAX=0x0000000000000180 is an unknown value
RBX=0x0000000018d39aa8 is an unknown value
RCX=0x000000001b746bdc is an unknown value
RDX=0xffffffffe48b9424 is an unknown value
RSP=0x0000000002b5f128 is pointing into the stack for thread: 0x0000000002ba0800
RBP=0x0000000000000007 is an unknown value
RSI=0x0000000000000018 is an unknown value
RDI=0x000000001b746bdc is an unknown value
R8 =0x0000000000000180 is an unknown value
R9 =0x0000000000000018 is an unknown value
R10=0x0000000000000000 is an unknown value
R11=0x000000001b746bdc is an unknown value
R12=0x0000000000000000 is an unknown value
R13=0x000000005ea00000 is an unknown value
R14=0x0000000000000000 is an unknown value
R15=0x0000000018d39828 is an unknown value


Stack: [0x0000000002a60000,0x0000000002b60000],  sp=0x0000000002b5f128,  free space=1020k
Native frames: (J=compiled Java code, j=interpreted, Vv=VM code, C=native code)
C  [nvoglv64.DLL+0x10310a0]
C  [nvoglv64.DLL+0xb802fa]
C  [nvoglv64.DLL+0xb8175e]
C  [nvoglv64.DLL+0x840a46]
C  0x000000000329f214

Java frames: (J=compiled Java code, j=interpreted, Vv=VM code)
J 1943  org.lwjgl.opengl.GL11.nglDrawElements(IIIJ)V (0 bytes) @ 0x000000000329f18e [0x000000000329f140+0x4e]
J 2132 C1 alex9932.engine.render.ShadowMapRenderer.render(Lalex9932/engine/game/Scene;Lorg/lwjgl/util/vector/Vector3f;)V (131 bytes) @ 0x000000000336b324 [0x000000000336a660+0xcc4]
J 2133 C1 alex9932.engine.render.Renderer.render(Lalex9932/engine/game/Scene;)V (550 bytes) @ 0x000000000336e514 [0x000000000336e3a0+0x174]
j  alex9932.engine.game.Engine.run()V+137
j  alex9932.engine.main.Main.main([Ljava/lang/String;)V+20
v  ~StubRoutines::call_stub

---------------  P R O C E S S  ---------------

Java Threads: ( => current thread )
  0x00000000176f5000 JavaThread "Java2D Disposer" daemon [_thread_blocked, id=3968, stack(0x000000001fe10000,0x000000001ff10000)]
  0x0000000016c21800 JavaThread "Service Thread" daemon [_thread_blocked, id=3120, stack(0x0000000016ff0000,0x00000000170f0000)]
  0x0000000015300000 JavaThread "C1 CompilerThread2" daemon [_thread_blocked, id=3536, stack(0x0000000016af0000,0x0000000016bf0000)]
  0x00000000152b7800 JavaThread "C2 CompilerThread1" daemon [_thread_blocked, id=956, stack(0x00000000169f0000,0x0000000016af0000)]
  0x00000000152b1000 JavaThread "C2 CompilerThread0" daemon [_thread_blocked, id=2348, stack(0x00000000168f0000,0x00000000169f0000)]
  0x00000000152ad000 JavaThread "Attach Listener" daemon [_thread_blocked, id=2228, stack(0x00000000167f0000,0x00000000168f0000)]
  0x00000000152ac000 JavaThread "Signal Dispatcher" daemon [_thread_blocked, id=3112, stack(0x00000000166f0000,0x00000000167f0000)]
  0x0000000015299800 JavaThread "Finalizer" daemon [_thread_blocked, id=2860, stack(0x0000000016500000,0x0000000016600000)]
  0x0000000002c91000 JavaThread "Reference Handler" daemon [_thread_blocked, id=3356, stack(0x0000000016400000,0x0000000016500000)]
=>0x0000000002ba0800 JavaThread "main" [_thread_in_native, id=5652, stack(0x0000000002a60000,0x0000000002b60000)]

Other Threads:
  0x0000000015277800 VMThread [stack: 0x0000000016300000,0x0000000016400000] [id=1948]
  0x0000000016c3a000 WatcherThread [stack: 0x00000000170f0000,0x00000000171f0000] [id=3412]

VM state:not at safepoint (normal execution)

VM Mutex/Monitor currently owned by a thread: None

Heap:
 PSYoungGen      total 59392K, used 44957K [0x00000000eb180000, 0x00000000f3280000, 0x0000000100000000)
  eden space 58880K, 75% used [0x00000000eb180000,0x00000000edd0f610,0x00000000eeb00000)
  from space 512K, 68% used [0x00000000f3200000,0x00000000f3258000,0x00000000f3280000)
  to   space 9216K, 0% used [0x00000000f2080000,0x00000000f2080000,0x00000000f2980000)
 ParOldGen       total 44032K, used 16622K [0x00000000c1400000, 0x00000000c3f00000, 0x00000000eb180000)
  object space 44032K, 37% used [0x00000000c1400000,0x00000000c243b990,0x00000000c3f00000)
 Metaspace       used 18998K, capacity 19603K, committed 19968K, reserved 1067008K
  class space    used 1960K, capacity 2286K, committed 2304K, reserved 1048576K

Card table byte_map: [0x0000000012060000,0x0000000012260000] byte_map_base: 0x0000000011a56000

Marking Bits: (ParMarkBitMap*) 0x0000000061772f70
 Begin Bits: [0x00000000127b0000, 0x0000000013760000)
 End Bits:   [0x0000000013760000, 0x0000000014710000)

Polling page: 0x0000000000e50000

CodeCache: size=245760Kb used=8629Kb max_used=8629Kb free=237130Kb
 bounds [0x0000000002ca0000, 0x0000000003520000, 0x0000000011ca0000]
 total_blobs=3436 nmethods=2407 adapters=941
 compilation: enabled

Compilation events (10 events):
Event: 5.416 Thread 0x00000000152b7800 2403       4       java.lang.ThreadLocal::get (38 bytes)
Event: 5.416 Thread 0x00000000152b1000 2404       4       java.lang.ThreadLocal$ThreadLocalMap::getEntry (42 bytes)
Event: 5.417 Thread 0x00000000152b1000 nmethod 2404 0x00000000034dc1d0 code [0x00000000034dc320, 0x00000000034dc428]
Event: 5.417 Thread 0x00000000152b7800 nmethod 2403 0x00000000034dbcd0 code [0x00000000034dbe20, 0x00000000034dbf78]
Event: 5.418 Thread 0x0000000015300000 2405       3       org.lwjgl.opengl.GLCapabilities::checkExtension (37 bytes)
Event: 5.418 Thread 0x0000000015300000 nmethod 2405 0x00000000034dcc90 code [0x00000000034dce80, 0x00000000034dd758]
Event: 5.418 Thread 0x00000000152b1000 2406       4       sun.reflect.ReflectionFactory::copyField (10 bytes)
Event: 5.419 Thread 0x0000000015300000 2407       3       jdk.internal.org.objectweb.asm.MethodWriter::put (1599 bytes)
Event: 5.420 Thread 0x00000000152b1000 nmethod 2406 0x00000000034dc7d0 code [0x00000000034dc920, 0x00000000034dcaf8]
Event: 5.423 Thread 0x0000000015300000 nmethod 2407 0x000000000350f610 code [0x000000000350fe60, 0x0000000003513f98]

GC Heap History (10 events):
Event: 1.996 GC heap before
{Heap before GC invocations=6 (full 0):
 PSYoungGen      total 35328K, used 35297K [0x00000000eb180000, 0x00000000f0480000, 0x0000000100000000)
  eden space 32768K, 100% used [0x00000000eb180000,0x00000000ed180000,0x00000000ed180000)
  from space 2560K, 98% used [0x00000000ed180000,0x00000000ed3f85b8,0x00000000ed400000)
  to   space 9728K, 0% used [0x00000000efb00000,0x00000000efb00000,0x00000000f0480000)
 ParOldGen       total 44032K, used 13969K [0x00000000c1400000, 0x00000000c3f00000, 0x00000000eb180000)
  object space 44032K, 31% used [0x00000000c1400000,0x00000000c21a4770,0x00000000c3f00000)
 Metaspace       used 18872K, capacity 19473K, committed 19712K, reserved 1067008K
  class space    used 1957K, capacity 2285K, committed 2304K, reserved 1048576K
Event: 2.000 GC heap after
Heap after GC invocations=6 (full 0):
 PSYoungGen      total 74240K, used 3376K [0x00000000eb180000, 0x00000000f0380000, 0x0000000100000000)
  eden space 65536K, 0% used [0x00000000eb180000,0x00000000eb180000,0x00000000ef180000)
  from space 8704K, 38% used [0x00000000efb00000,0x00000000efe4c180,0x00000000f0380000)
  to   space 9216K, 0% used [0x00000000ef180000,0x00000000ef180000,0x00000000efa80000)
 ParOldGen       total 44032K, used 13977K [0x00000000c1400000, 0x00000000c3f00000, 0x00000000eb180000)
  object space 44032K, 31% used [0x00000000c1400000,0x00000000c21a6770,0x00000000c3f00000)
 Metaspace       used 18872K, capacity 19473K, committed 19712K, reserved 1067008K
  class space    used 1957K, capacity 2285K, committed 2304K, reserved 1048576K
}
Event: 2.584 GC heap before
{Heap before GC invocations=7 (full 0):
 PSYoungGen      total 74240K, used 68912K [0x00000000eb180000, 0x00000000f0380000, 0x0000000100000000)
  eden space 65536K, 100% used [0x00000000eb180000,0x00000000ef180000,0x00000000ef180000)
  from space 8704K, 38% used [0x00000000efb00000,0x00000000efe4c180,0x00000000f0380000)
  to   space 9216K, 0% used [0x00000000ef180000,0x00000000ef180000,0x00000000efa80000)
 ParOldGen       total 44032K, used 13977K [0x00000000c1400000, 0x00000000c3f00000, 0x00000000eb180000)
  object space 44032K, 31% used [0x00000000c1400000,0x00000000c21a6770,0x00000000c3f00000)
 Metaspace       used 18984K, capacity 19601K, committed 19712K, reserved 1067008K
  class space    used 1959K, capacity 2285K, committed 2304K, reserved 1048576K
Event: 2.589 GC heap after
Heap after GC invocations=7 (full 0):
 PSYoungGen      total 74752K, used 1600K [0x00000000eb180000, 0x00000000f4380000, 0x0000000100000000)
  eden space 65536K, 0% used [0x00000000eb180000,0x00000000eb180000,0x00000000ef180000)
  from space 9216K, 17% used [0x00000000ef180000,0x00000000ef310000,0x00000000efa80000)
  to   space 9216K, 0% used [0x00000000f3a80000,0x00000000f3a80000,0x00000000f4380000)
 ParOldGen       total 44032K, used 15949K [0x00000000c1400000, 0x00000000c3f00000, 0x00000000eb180000)
  object space 44032K, 36% used [0x00000000c1400000,0x00000000c23936b0,0x00000000c3f00000)
 Metaspace       used 18984K, capacity 19601K, committed 19712K, reserved 1067008K
  class space    used 1959K, capacity 2285K, committed 2304K, reserved 1048576K
}
Event: 2.969 GC heap before
{Heap before GC invocations=8 (full 0):
 PSYoungGen      total 74752K, used 67136K [0x00000000eb180000, 0x00000000f4380000, 0x0000000100000000)
  eden space 65536K, 100% used [0x00000000eb180000,0x00000000ef180000,0x00000000ef180000)
  from space 9216K, 17% used [0x00000000ef180000,0x00000000ef310000,0x00000000efa80000)
  to   space 9216K, 0% used [0x00000000f3a80000,0x00000000f3a80000,0x00000000f4380000)
 ParOldGen       total 44032K, used 15949K [0x00000000c1400000, 0x00000000c3f00000, 0x00000000eb180000)
  object space 44032K, 36% used [0x00000000c1400000,0x00000000c23936b0,0x00000000c3f00000)
 Metaspace       used 18989K, capacity 19601K, committed 19712K, reserved 1067008K
  class space    used 1959K, capacity 2285K, committed 2304K, reserved 1048576K
Event: 2.971 GC heap after
Heap after GC invocations=8 (full 0):
 PSYoungGen      total 64000K, used 832K [0x00000000eb180000, 0x00000000f3b80000, 0x0000000100000000)
  eden space 62976K, 0% used [0x00000000eb180000,0x00000000eb180000,0x00000000eef00000)
  from space 1024K, 81% used [0x00000000f3a80000,0x00000000f3b50000,0x00000000f3b80000)
  to   space 9216K, 0% used [0x00000000f2980000,0x00000000f2980000,0x00000000f3280000)
 ParOldGen       total 44032K, used 16390K [0x00000000c1400000, 0x00000000c3f00000, 0x00000000eb180000)
  object space 44032K, 37% used [0x00000000c1400000,0x00000000c2401990,0x00000000c3f00000)
 Metaspace       used 18989K, capacity 19601K, committed 19712K, reserved 1067008K
  class space    used 1959K, capacity 2285K, committed 2304K, reserved 1048576K
}
Event: 3.229 GC heap before
{Heap before GC invocations=9 (full 0):
 PSYoungGen      total 64000K, used 63808K [0x00000000eb180000, 0x00000000f3b80000, 0x0000000100000000)
  eden space 62976K, 100% used [0x00000000eb180000,0x00000000eef00000,0x00000000eef00000)
  from space 1024K, 81% used [0x00000000f3a80000,0x00000000f3b50000,0x00000000f3b80000)
  to   space 9216K, 0% used [0x00000000f2980000,0x00000000f2980000,0x00000000f3280000)
 ParOldGen       total 44032K, used 16390K [0x00000000c1400000, 0x00000000c3f00000, 0x00000000eb180000)
  object space 44032K, 37% used [0x00000000c1400000,0x00000000c2401990,0x00000000c3f00000)
 Metaspace       used 18989K, capacity 19601K, committed 19712K, reserved 1067008K
  class space    used 1959K, capacity 2285K, committed 2304K, reserved 1048576K
Event: 3.230 GC heap after
Heap after GC invocations=9 (full 0):
 PSYoungGen      total 61440K, used 512K [0x00000000eb180000, 0x00000000f3b00000, 0x0000000100000000)
  eden space 60928K, 0% used [0x00000000eb180000,0x00000000eb180000,0x00000000eed00000)
  from space 512K, 100% used [0x00000000f2980000,0x00000000f2a00000,0x00000000f2a00000)
  to   space 9216K, 0% used [0x00000000f3200000,0x00000000f3200000,0x00000000f3b00000)
 ParOldGen       total 44032K, used 16590K [0x00000000c1400000, 0x00000000c3f00000, 0x00000000eb180000)
  object space 44032K, 37% used [0x00000000c1400000,0x00000000c2433990,0x00000000c3f00000)
 Metaspace       used 18989K, capacity 19601K, committed 19712K, reserved 1067008K
  class space    used 1959K, capacity 2285K, committed 2304K, reserved 1048576K
}
Event: 3.373 GC heap before
{Heap before GC invocations=10 (full 0):
 PSYoungGen      total 61440K, used 61440K [0x00000000eb180000, 0x00000000f3b00000, 0x0000000100000000)
  eden space 60928K, 100% used [0x00000000eb180000,0x00000000eed00000,0x00000000eed00000)
  from space 512K, 100% used [0x00000000f2980000,0x00000000f2a00000,0x00000000f2a00000)
  to   space 9216K, 0% used [0x00000000f3200000,0x00000000f3200000,0x00000000f3b00000)
 ParOldGen       total 44032K, used 16590K [0x00000000c1400000, 0x00000000c3f00000, 0x00000000eb180000)
  object space 44032K, 37% used [0x00000000c1400000,0x00000000c2433990,0x00000000c3f00000)
 Metaspace       used 18989K, capacity 19601K, committed 19712K, reserved 1067008K
  class space    used 1959K, capacity 2285K, committed 2304K, reserved 1048576K
Event: 3.374 GC heap after
Heap after GC invocations=10 (full 0):
 PSYoungGen      total 59392K, used 352K [0x00000000eb180000, 0x00000000f3280000, 0x0000000100000000)
  eden space 58880K, 0% used [0x00000000eb180000,0x00000000eb180000,0x00000000eeb00000)
  from space 512K, 68% used [0x00000000f3200000,0x00000000f3258000,0x00000000f3280000)
  to   space 9216K, 0% used [0x00000000f2080000,0x00000000f2080000,0x00000000f2980000)
 ParOldGen       total 44032K, used 16622K [0x00000000c1400000, 0x00000000c3f00000, 0x00000000eb180000)
  object space 44032K, 37% used [0x00000000c1400000,0x00000000c243b990,0x00000000c3f00000)
 Metaspace       used 18989K, capacity 19601K, committed 19712K, reserved 1067008K
  class space    used 1959K, capacity 2285K, committed 2304K, reserved 1048576K
}

Deoptimization events (10 events):
Event: 2.646 Thread 0x0000000002ba0800 Uncommon trap: reason=unstable_if action=reinterpret pc=0x00000000033ba018 method=org.ode4j.ode.internal.DxBox.TST2(DDDDDILorg/ode4j/ode/internal/DxBox$TstClass;)Z @ 71
Event: 2.908 Thread 0x0000000002ba0800 Uncommon trap: reason=unstable_if action=reinterpret pc=0x000000000341d19c method=org.ode4j.ode.DAABB.isDisjoint(Lorg/ode4j/ode/DAABBC;)Z @ 25
Event: 2.909 Thread 0x0000000002ba0800 Uncommon trap: reason=unstable_if action=reinterpret pc=0x000000000333f5cc method=org.ode4j.ode.DAABB.isDisjoint(Lorg/ode4j/ode/DAABBC;)Z @ 25
Event: 2.910 Thread 0x0000000002ba0800 Uncommon trap: reason=unstable_if action=reinterpret pc=0x0000000003344bc0 method=org.ode4j.ode.DAABB.isDisjoint(Lorg/ode4j/ode/DAABBC;)Z @ 25
Event: 2.948 Thread 0x0000000002ba0800 Uncommon trap: reason=unstable_if action=reinterpret pc=0x00000000033bcde8 method=org.ode4j.math.DQuaternion.safeNormalize4()Z @ 57
Event: 2.987 Thread 0x0000000002ba0800 Uncommon trap: reason=unstable_if action=reinterpret pc=0x0000000003484724 method=org.ode4j.ode.internal.DxBox.dBoxBox(Lorg/ode4j/math/DVector3C;Lorg/ode4j/math/DMatrix3C;Lorg/ode4j/math/DVector3C;Lorg/ode4j/math/DVector3C;Lorg/ode4j/math/DMatrix3C;Lorg/od8[ЮVе@
Event: 2.987 Thread 0x0000000002ba0800 Uncommon trap: reason=unstable_if action=reinterpret pc=0x00000000033bb690 method=java.util.ArrayList.fastRemove(I)V @ 20
Event: 2.987 Thread 0x0000000002ba0800 Uncommon trap: reason=unstable_if action=reinterpret pc=0x000000000334d460 method=java.util.ArrayList.fastRemove(I)V @ 20
Event: 3.375 Thread 0x0000000002c91000 Uncommon trap: reason=unstable_if action=reinterpret pc=0x000000000334f1f8 method=sun.misc.Cleaner.remove(Lsun/misc/Cleaner;)Z @ 14
Event: 3.479 Thread 0x0000000002ba0800 Uncommon trap: reason=unstable_if action=reinterpret pc=0x0000000003464710 method=org.ode4j.ode.internal.CollideTrimeshBox$sTrimeshBoxColliderData._cldTestFace(DDDDDLorg/ode4j/math/DVector3;I)Z @ 104

Internal exceptions (10 events):
Event: 0.027 Thread 0x0000000002ba0800 Exception <a 'java/lang/NoSuchMethodError': Method sun.misc.Unsafe.defineClass(Ljava/lang/String;[BII)Ljava/lang/Class; name or signature does not match> (0x00000000eb187cc0) thrown at [C:\re\workspace\8-2-build-windows-amd64-cygwin\jdk8u91\7017\hotspot\sr»;Б^›?
Event: 0.027 Thread 0x0000000002ba0800 Exception <a 'java/lang/NoSuchMethodError': Method sun.misc.Unsafe.prefetchRead(Ljava/lang/Object;J)V name or signature does not match> (0x00000000eb187fa8) thrown at [C:\re\workspace\8-2-build-windows-amd64-cygwin\jdk8u91\7017\hotspot\src\share\vm\prims\jџ†5‡l*»?
Event: 0.106 Thread 0x0000000002ba0800 Exception <a 'java/lang/NoSuchMethodError': java.lang.Object.lambda$static$0(Ljava/lang/String;)Ljava/lang/Boolean;> (0x00000000eb33f868) thrown at [C:\re\workspace\8-2-build-windows-amd64-cygwin\jdk8u91\7017\hotspot\src\share\vm\interpreter\linkResolver.cЭ k{НЅ?
Event: 0.116 Thread 0x0000000002ba0800 Exception <a 'java/lang/NoSuchFieldError': method resolution failed> (0x00000000eb3b7a40) thrown at [C:\re\workspace\8-2-build-windows-amd64-cygwin\jdk8u91\7017\hotspot\src\share\vm\prims\methodHandles.cpp, line 1146]
Event: 0.118 Thread 0x0000000002ba0800 Exception <a 'java/lang/NoSuchFieldError': method resolution failed> (0x00000000eb3c4e80) thrown at [C:\re\workspace\8-2-build-windows-amd64-cygwin\jdk8u91\7017\hotspot\src\share\vm\prims\methodHandles.cpp, line 1146]
Event: 0.167 Thread 0x0000000002ba0800 Exception <a 'java/security/PrivilegedActionException'> (0x00000000eb548ef0) thrown at [C:\re\workspace\8-2-build-windows-amd64-cygwin\jdk8u91\7017\hotspot\src\share\vm\prims\jvm.cpp, line 1386]
Event: 0.167 Thread 0x0000000002ba0800 Exception <a 'java/security/PrivilegedActionException'> (0x00000000eb549100) thrown at [C:\re\workspace\8-2-build-windows-amd64-cygwin\jdk8u91\7017\hotspot\src\share\vm\prims\jvm.cpp, line 1386]
Event: 0.167 Thread 0x0000000002ba0800 Exception <a 'java/security/PrivilegedActionException'> (0x00000000eb54f230) thrown at [C:\re\workspace\8-2-build-windows-amd64-cygwin\jdk8u91\7017\hotspot\src\share\vm\prims\jvm.cpp, line 1386]
Event: 0.167 Thread 0x0000000002ba0800 Exception <a 'java/security/PrivilegedActionException'> (0x00000000eb54f440) thrown at [C:\re\workspace\8-2-build-windows-amd64-cygwin\jdk8u91\7017\hotspot\src\share\vm\prims\jvm.cpp, line 1386]
Event: 1.291 Thread 0x0000000002ba0800 Exception <a 'java/io/FileNotFoundException'> (0x00000000ebdfdf08) thrown at [C:\re\workspace\8-2-build-windows-amd64-cygwin\jdk8u91\7017\hotspot\src\share\vm\prims\jni.cpp, line 709]

Events (10 events):
Event: 3.491 loading class org/lwjgl/glfw/Callbacks
Event: 3.491 loading class org/lwjgl/glfw/Callbacks done
Event: 4.083 Executing VM operation: EnableBiasedLocking
Event: 4.083 Executing VM operation: EnableBiasedLocking done
Event: 5.419 loading class org/lwjgl/opengl/GLCapabilities
Event: 5.419 loading class org/lwjgl/opengl/GLCapabilities done
Event: 5.419 loading class org/lwjgl/opengl/GLCapabilities
Event: 5.419 loading class org/lwjgl/opengl/GLCapabilities done
Event: 5.419 loading class org/lwjgl/opengl/GL$ICD
Event: 5.419 loading class org/lwjgl/opengl/GL$ICD done


Dynamic libraries:
0x00007ff723370000 - 0x00007ff7233a7000 	E:\Программы\eclipse_luna\jre\bin\javaw.exe
0x00007ff9b42c0000 - 0x00007ff9b4492000 	C:\Windows\SYSTEM32\ntdll.dll
0x00007ff9b3ee0000 - 0x00007ff9b3f8c000 	C:\Windows\System32\KERNEL32.DLL
0x00007ff9b0fa0000 - 0x00007ff9b11bd000 	C:\Windows\System32\KERNELBASE.dll
0x00007ff9b2270000 - 0x00007ff9b2312000 	C:\Windows\System32\ADVAPI32.dll
0x00007ff9b1850000 - 0x00007ff9b18ee000 	C:\Windows\System32\msvcrt.dll
0x00007ff9b1fa0000 - 0x00007ff9b1ff9000 	C:\Windows\System32\sechost.dll
0x00007ff9b2730000 - 0x00007ff9b2851000 	C:\Windows\System32\RPCRT4.dll
0x00007ff9b2560000 - 0x00007ff9b26c5000 	C:\Windows\System32\USER32.dll
0x00007ff9b1830000 - 0x00007ff9b184e000 	C:\Windows\System32\win32u.dll
0x00007ff9b21d0000 - 0x00007ff9b2204000 	C:\Windows\System32\GDI32.dll
0x00007ff9b16b0000 - 0x00007ff9b1830000 	C:\Windows\System32\gdi32full.dll
0x00007ff9a62f0000 - 0x00007ff9a656a000 	C:\Windows\WinSxS\amd64_microsoft.windows.common-controls_6595b64144ccf1df_6.0.14393.953_none_42151e83c686086b\COMCTL32.dll
0x00007ff9b3ff0000 - 0x00007ff9b42b8000 	C:\Windows\System32\combase.dll
0x00007ff9b13e0000 - 0x00007ff9b14d5000 	C:\Windows\System32\ucrtbase.dll
0x00007ff9b1310000 - 0x00007ff9b137a000 	C:\Windows\System32\bcryptPrimitives.dll
0x00007ff9b1f70000 - 0x00007ff9b1f9e000 	C:\Windows\System32\IMM32.DLL
0x0000000060cd0000 - 0x0000000060da2000 	E:\Программы\eclipse_luna\jre\bin\msvcr100.dll
0x0000000060f60000 - 0x00000000617f3000 	E:\Программы\eclipse_luna\jre\bin\server\jvm.dll
0x00007ff9b3ed0000 - 0x00007ff9b3ed8000 	C:\Windows\System32\PSAPI.DLL
0x00007ff9aec50000 - 0x00007ff9aec73000 	C:\Windows\SYSTEM32\WINMM.dll
0x00007ff9acf20000 - 0x00007ff9acf2a000 	C:\Windows\SYSTEM32\VERSION.dll
0x0000000000e10000 - 0x0000000000e3b000 	C:\Windows\SYSTEM32\WINMMBASE.dll
0x00007ff9aeb10000 - 0x00007ff9aeb19000 	C:\Windows\SYSTEM32\WSOCK32.dll
0x00007ff9b0ea0000 - 0x00007ff9b0ee2000 	C:\Windows\System32\cfgmgr32.dll
0x00007ff9b2160000 - 0x00007ff9b21ca000 	C:\Windows\System32\WS2_32.dll
0x0000000060e70000 - 0x0000000060e7f000 	E:\Программы\eclipse_luna\jre\bin\verify.dll
0x0000000060e40000 - 0x0000000060e69000 	E:\Программы\eclipse_luna\jre\bin\java.dll
0x0000000060e20000 - 0x0000000060e36000 	E:\Программы\eclipse_luna\jre\bin\zip.dll
0x00007ff9b2860000 - 0x00007ff9b3d68000 	C:\Windows\System32\SHELL32.dll
0x00007ff9b07c0000 - 0x00007ff9b0e98000 	C:\Windows\System32\windows.storage.dll
0x00007ff9b0760000 - 0x00007ff9b07ac000 	C:\Windows\System32\powrprof.dll
0x00007ff9b26d0000 - 0x00007ff9b2722000 	C:\Windows\System32\shlwapi.dll
0x00007ff9b0730000 - 0x00007ff9b073f000 	C:\Windows\System32\kernel.appcore.dll
0x00007ff9b11c0000 - 0x00007ff9b1269000 	C:\Windows\System32\shcore.dll
0x00007ff9b0740000 - 0x00007ff9b0754000 	C:\Windows\System32\profapi.dll
0x00007ff9a1aa0000 - 0x00007ff9a1af9000 	E:\Woekspace\newengine\Engine\natives\lwjgl.dll
0x0000000060e00000 - 0x0000000060e1a000 	E:\Программы\eclipse_luna\jre\bin\net.dll
0x00007ff9b0060000 - 0x00007ff9b00bc000 	C:\Windows\system32\mswsock.dll
0x0000000060de0000 - 0x0000000060df1000 	E:\Программы\eclipse_luna\jre\bin\nio.dll
0x00007ff9a16d0000 - 0x00007ff9a171e000 	E:\Woekspace\newengine\Engine\natives\glfw.dll
0x00007ff9aef50000 - 0x00007ff9aefe5000 	C:\Windows\system32\uxtheme.dll
0x00007ff9a1690000 - 0x00007ff9a16d0000 	C:\Windows\SYSTEM32\dinput8.dll
0x00007ff9a52f0000 - 0x00007ff9a52fe000 	C:\Windows\SYSTEM32\xinput1_4.dll
0x00007ff9af510000 - 0x00007ff9af538000 	C:\Windows\SYSTEM32\DEVOBJ.dll
0x00007ff9aeb40000 - 0x00007ff9aeb66000 	C:\Windows\SYSTEM32\dwmapi.dll
0x00007ff9b2000000 - 0x00007ff9b215a000 	C:\Windows\System32\MSCTF.dll
0x00007ff9b18f0000 - 0x00007ff9b19af000 	C:\Windows\System32\OLEAUT32.dll
0x00007ff9b1270000 - 0x00007ff9b130c000 	C:\Windows\System32\msvcp_win.dll
0x00007ff9af730000 - 0x00007ff9af73c000 	C:\Windows\SYSTEM32\HID.DLL
0x00007ff9b1b20000 - 0x00007ff9b1f49000 	C:\Windows\System32\SETUPAPI.DLL
0x00007ff9b1380000 - 0x00007ff9b13d5000 	C:\Windows\System32\WINTRUST.dll
0x00007ff9b07b0000 - 0x00007ff9b07c0000 	C:\Windows\System32\MSASN1.dll
0x00007ff9b14e0000 - 0x00007ff9b16a9000 	C:\Windows\System32\CRYPT32.dll
0x00007ff990a30000 - 0x00007ff990b53000 	C:\Windows\SYSTEM32\opengl32.dll
0x00007ff99ce20000 - 0x00007ff99ce4d000 	C:\Windows\SYSTEM32\GLU32.dll
0x00007ff99b050000 - 0x00007ff99b147000 	C:\Windows\SYSTEM32\DDRAW.dll
0x00007ff9a45e0000 - 0x00007ff9a45e8000 	C:\Windows\SYSTEM32\DCIMAN32.dll
0x000000005ea00000 - 0x0000000060cc7000 	C:\Windows\SYSTEM32\nvoglv64.DLL
0x00007ff9b3d90000 - 0x00007ff9b3ec8000 	C:\Windows\System32\ole32.dll
0x00007ff9ae9d0000 - 0x00007ff9ae9e3000 	C:\Windows\SYSTEM32\WTSAPI32.dll
0x00007ff9af410000 - 0x00007ff9af442000 	C:\Windows\SYSTEM32\ntmarta.dll
0x00007ff9af9b0000 - 0x00007ff9afa06000 	C:\Windows\SYSTEM32\WINSTA.dll
0x00007ff9974f0000 - 0x00007ff99754f000 	E:\Woekspace\newengine\Engine\natives\lwjgl_opengl.dll
0x00007ff98c0a0000 - 0x00007ff98c18d000 	E:\Woekspace\newengine\Engine\natives\OpenAL.dll
0x00007ff9b24c0000 - 0x00007ff9b255f000 	C:\Windows\System32\clbcatq.dll
0x00007ff9a8dd0000 - 0x00007ff9a8e41000 	C:\Windows\System32\MMDevApi.dll
0x00007ff9ae7d0000 - 0x00007ff9ae955000 	C:\Windows\System32\PROPSYS.dll
0x00007ff997360000 - 0x00007ff9973f4000 	C:\Windows\SYSTEM32\AUDIOSES.DLL
0x00007ff9ad250000 - 0x00007ff9ad386000 	C:\Windows\SYSTEM32\wintypes.dll
0x000000005e860000 - 0x000000005e9f8000 	E:\Программы\eclipse_luna\jre\bin\awt.dll
0x00007ff9aec80000 - 0x00007ff9aecfa000 	C:\Windows\SYSTEM32\apphelp.dll
0x000000005e820000 - 0x000000005e851000 	E:\Программы\eclipse_luna\jre\bin\jpeg.dll
0x000000005e7e0000 - 0x000000005e81c000 	E:\Программы\eclipse_luna\jre\bin\lcms.dll
0x00007ff98be50000 - 0x00007ff98becd000 	E:\Woekspace\newengine\Engine\natives\lwjgl_stb.dll
0x00007ff99f950000 - 0x00007ff99fae2000 	C:\Windows\SYSTEM32\dbghelp.dll

VM Arguments:
jvm_args: -Djava.library.path=E:\Woekspace\newengine\Engine\natives -Dfile.encoding=Cp1251 
java_command: alex9932.engine.main.Main
java_class_path (initial): E:\Woekspace\newengine\Engine\bin;E:\Woekspace\newengine\Engine\library\lwjgl-glfw.jar;E:\Woekspace\newengine\Engine\library\lwjgl-nanovg.jar;E:\Woekspace\newengine\Engine\library\lwjgl-openal.jar;E:\Woekspace\newengine\Engine\library\lwjgl-opengl.jar;E:\Woekspace\newengine\Engine\library\lwjgl-stb.jar;E:\Woekspace\newengine\Engine\library\lwjgl.jar;E:\Woekspace\newengine\Engine\library\ode.jar;E:\Woekspace\newengine\Engine\library\json.jar
Launcher Type: SUN_STANDARD

Environment Variables:
PATH=E:/Программы/eclipse_luna/jre/bin/server;E:/Программы/eclipse_luna/jre/bin;E:/Программы/eclipse_luna/jre/lib/amd64;C:\ProgramData\Oracle\Java\javapath;C:\Windows\system32;C:\Windows;C:\Windows\System32\Wbem;C:\Windows\System32\WindowsPowerShell\v1.0\;C:\Program Files (x86)\Java_ME_platform_SDK_8.3\bin;C:\Program Files\Microsoft SQL Server\130\Tools\Binn\;C:\Users\alex9932\AppData\Local\Microsoft\WindowsApps;;E:\Программы\eclipse_luna;
USERNAME=alex9932
OS=Windows_NT
PROCESSOR_IDENTIFIER=Intel64 Family 6 Model 42 Stepping 7, GenuineIntel



---------------  S Y S T E M  ---------------

OS: Windows 10.0 , 64 bit Build 14393 (10.0.14393.1198)

CPU:total 4 (4 cores per cpu, 1 threads per core) family 6 model 42 stepping 7, cmov, cx8, fxsr, mmx, sse, sse2, sse3, ssse3, sse4.1, sse4.2, popcnt, avx, aes, clmul, tsc, tscinvbit

Memory: 4k page, physical 4109420k(1147240k free), swap 7517292k(3032536k free)

vm_info: Java HotSpot(TM) 64-Bit Server VM (25.91-b15) for windows-amd64 JRE (1.8.0_91-b15), built on May 20 2016 17:43:15 by "java_re" with MS VC++ 10.0 (VS2010)

time: Sun Jul 22 19:09:10 2018
elapsed time: 5 seconds (0d 0h 0m 5s)

